<?xml version="1.0" encoding="UTF-8"?>
<testng-results ignored="0" total="1" passed="1" failed="0" skipped="0">
  <reporter-output>
  </reporter-output>
  <suite started-at="2021-03-11T03:38:56 CET" name="Default suite" finished-at="2021-03-11T03:39:03 CET" duration-ms="7535">
    <groups>
    </groups>
    <test started-at="2021-03-11T03:38:56 CET" name="Default test" finished-at="2021-03-11T03:39:03 CET" duration-ms="7535">
      <class name="selinium.ElementByXpath">
        <test-method is-config="true" signature="beforeMethod()[pri:0, instance:selinium.ElementByXpath@1a84f40f]" started-at="2021-03-11T03:38:56 CET" name="beforeMethod" finished-at="2021-03-11T03:38:59 CET" duration-ms="2905" status="PASS">
          <reporter-output>
          </reporter-output>
        </test-method> <!-- beforeMethod -->
        <test-method signature="testByXpath()[pri:0, instance:selinium.ElementByXpath@1a84f40f]" started-at="2021-03-11T03:38:59 CET" name="testByXpath" finished-at="2021-03-11T03:39:03 CET" duration-ms="4588" status="PASS">
          <reporter-output>
          </reporter-output>
        </test-method> <!-- testByXpath -->
        <test-method is-config="true" signature="afterMethod()[pri:0, instance:selinium.ElementByXpath@1a84f40f]" started-at="2021-03-11T03:39:03 CET" name="afterMethod" finished-at="2021-03-11T03:39:03 CET" duration-ms="1" status="PASS">
          <reporter-output>
          </reporter-output>
        </test-method> <!-- afterMethod -->
      </class> <!-- selinium.ElementByXpath -->
    </test> <!-- Default test -->
  </suite> <!-- Default suite -->
</testng-results>
