<?xml version="1.0" encoding="UTF-8"?>
<testng-results ignored="0" total="1" passed="1" failed="0" skipped="0">
  <reporter-output>
  </reporter-output>
  <suite started-at="2021-03-10T16:44:26 CET" name="Default suite" finished-at="2021-03-10T16:44:31 CET" duration-ms="5779">
    <groups>
    </groups>
    <test started-at="2021-03-10T16:44:26 CET" name="Default test" finished-at="2021-03-10T16:44:31 CET" duration-ms="5779">
      <class name="selinium.TestNgClass">
        <test-method is-config="true" signature="prepareTest()[pri:0, instance:selinium.TestNgClass@1a84f40f]" started-at="2021-03-10T16:44:26 CET" name="prepareTest" finished-at="2021-03-10T16:44:31 CET" duration-ms="5421" status="PASS">
          <reporter-output>
          </reporter-output>
        </test-method> <!-- prepareTest -->
        <test-method signature="runTest()[pri:0, instance:selinium.TestNgClass@1a84f40f]" started-at="2021-03-10T16:44:31 CET" name="runTest" finished-at="2021-03-10T16:44:31 CET" duration-ms="85" status="PASS">
          <reporter-output>
          </reporter-output>
        </test-method> <!-- runTest -->
        <test-method is-config="true" signature="cleanTest()[pri:0, instance:selinium.TestNgClass@1a84f40f]" started-at="2021-03-10T16:44:31 CET" name="cleanTest" finished-at="2021-03-10T16:44:31 CET" duration-ms="130" status="PASS">
          <reporter-output>
          </reporter-output>
        </test-method> <!-- cleanTest -->
      </class> <!-- selinium.TestNgClass -->
    </test> <!-- Default test -->
  </suite> <!-- Default suite -->
</testng-results>
